[/var/www/projects/push_server/queue_manager.php:64] 1 worker threads activated by manager.
[/var/www/projects/push_server/queue_worker.php:54] Push sent to queue 4972
[/var/www/projects/push_server/queue_manager.php:64] 1 worker threads activated by manager.
[/var/www/projects/push_server/queue_worker.php:54] Push sent to queue 4973
[/var/www/projects/push_server/queue_manager.php:64] 1 worker threads activated by manager.
[/var/www/projects/push_server/queue_worker.php:54] Push sent to queue 4974
[/var/www/projects/push_server/queue_manager.php:64] 1 worker threads activated by manager.
[/var/www/projects/push_server/queue_worker.php:54] Push sent to queue 4975
[/var/www/projects/push_server/queue_manager.php:64] 1 worker threads activated by manager.
[/var/www/projects/push_server/queue_worker.php:54] Push sent to queue 4976
[/var/www/projects/push_server/queue_manager.php:64] 1 worker threads activated by manager.
[/var/www/projects/push_server/queue_worker.php:54] Push sent to queue 4977
[/var/www/projects/push_server/queue_manager.php:64] 1 worker threads activated by manager.
[/var/www/projects/push_server/queue_worker.php:54] Push sent to queue 4978
[/var/www/projects/push_server/queue_manager.php:64] 1 worker threads activated by manager.
[/var/www/projects/push_server/queue_worker.php:54] Push sent to queue 4979
[/var/www/projects/push_server/queue_manager.php:64] 1 worker threads activated by manager.
[/var/www/projects/push_server/queue_worker.php:54] Push sent to queue 4980
[/var/www/projects/push_server/queue_manager.php:64] 1 worker threads activated by manager.
[/var/www/projects/push_server/queue_worker.php:54] Push sent to queue 4981
[/var/www/projects/push_server/queue_manager.php:64] 1 worker threads activated by manager.
[/var/www/projects/push_server/queue_worker.php:54] Push sent to queue 4982
[/var/www/projects/push_server/queue_manager.php:64] 1 worker threads activated by manager.
[/var/www/projects/push_server/queue_worker.php:54] Push sent to queue 4983
[/var/www/projects/push_server/queue_manager.php:64] 1 worker threads activated by manager.
[/var/www/projects/push_server/queue_worker.php:54] Push sent to queue 4984
[/var/www/projects/push_server/queue_manager.php:64] 1 worker threads activated by manager.
[/var/www/projects/push_server/queue_worker.php:54] Push sent to queue 4985
[/var/www/projects/push_server/queue_manager.php:64] 1 worker threads activated by manager.
[/var/www/projects/push_server/queue_worker.php:54] Push sent to queue 4986
[/var/www/projects/push_server/queue_manager.php:64] 1 worker threads activated by manager.
[/var/www/projects/push_server/queue_worker.php:54] Push sent to queue 4987
[/var/www/projects/push_server/queue_manager.php:64] 1 worker threads activated by manager.
[/var/www/projects/push_server/queue_worker.php:54] Push sent to queue 4988
[/var/www/projects/push_server/queue_manager.php:64] 1 worker threads activated by manager.
[/var/www/projects/push_server/queue_worker.php:54] Push sent to queue 4989
[/var/www/projects/push_server/queue_manager.php:64] 1 worker threads activated by manager.
[/var/www/projects/push_server/queue_worker.php:54] Push sent to queue 4990
[/var/www/projects/push_server/queue_manager.php:64] 1 worker threads activated by manager.
[/var/www/projects/push_server/queue_worker.php:54] Push sent to queue 4991
[/var/www/projects/push_server/queue_manager.php:64] 1 worker threads activated by manager.
[/var/www/projects/push_server/queue_worker.php:54] Push sent to queue 4992
[/var/www/projects/push_server/queue_manager.php:64] 1 worker threads activated by manager.
[/var/www/projects/push_server/queue_worker.php:54] Push sent to queue 4993
[/var/www/projects/push_server/queue_manager.php:64] 1 worker threads activated by manager.
[/var/www/projects/push_server/queue_worker.php:38] {"command":8,"status_code":8,"identifier":671358048,"error_message":"Invalid token"}
[/var/www/projects/push_server/queue_worker.php:54] Push sent to queue 4994
[/var/www/projects/push_server/queue_manager.php:64] 1 worker threads activated by manager.
[/var/www/projects/push_server/queue_worker.php:40] succeed
[/var/www/projects/push_server/queue_worker.php:54] Push sent to queue 4995
[/var/www/projects/push_server/queue_manager.php:64] 1 worker threads activated by manager.
[/var/www/projects/push_server/queue_worker.php:54] Push sent to queue 4996
[/var/www/projects/push_server/queue_manager.php:64] 1 worker threads activated by manager.
[/var/www/projects/push_server/queue_worker.php:54] Push sent to queue 4997
[/var/www/projects/push_server/queue_manager.php:64] 1 worker threads activated by manager.
[/var/www/projects/push_server/queue_worker.php:54] Push sent to queue 4998
[/var/www/projects/push_server/queue_manager.php:64] 1 worker threads activated by manager.
[/var/www/projects/push_server/queue_worker.php:54] Push sent to queue 4999
[/var/www/projects/push_server/queue_manager.php:64] 1 worker threads activated by manager.
[/var/www/projects/push_server/queue_worker.php:54] Push sent to queue 5000
[/var/www/projects/push_server/queue_manager.php:64] 1 worker threads activated by manager.
[/var/www/projects/push_server/queue_worker.php:54] Push sent to queue 5001
[/var/www/projects/push_server/queue_manager.php:64] 1 worker threads activated by manager.
[/var/www/projects/push_server/queue_worker.php:54] Push sent to queue 5002
[/var/www/projects/push_server/queue_manager.php:64] 1 worker threads activated by manager.
[/var/www/projects/push_server/queue_worker.php:38] {"command":8,"status_code":8,"identifier":237244447,"error_message":"Invalid token"}
[/var/www/projects/push_server/queue_worker.php:54] Push sent to queue 5003
[/var/www/projects/push_server/queue_manager.php:64] 1 worker threads activated by manager.
[/var/www/projects/push_server/queue_worker.php:40] succeed
[/var/www/projects/push_server/queue_worker.php:54] Push sent to queue 5004
[/var/www/projects/push_server/queue_manager.php:64] 1 worker threads activated by manager.
[/var/www/projects/push_server/queue_worker.php:38] {"command":8,"status_code":8,"identifier":171531049,"error_message":"Invalid token"}
[/var/www/projects/push_server/queue_worker.php:54] Push sent to queue 5005
[/var/www/projects/push_server/queue_manager.php:64] 1 worker threads activated by manager.
[/var/www/projects/push_server/queue_worker.php:40] succeed
[/var/www/projects/push_server/queue_worker.php:54] Push sent to queue 5006
[/var/www/projects/push_server/queue_manager.php:64] 1 worker threads activated by manager.
[/var/www/projects/push_server/queue_worker.php:54] Push sent to queue 5007
[/var/www/projects/push_server/queue_manager.php:64] 1 worker threads activated by manager.
[/var/www/projects/push_server/queue_worker.php:54] Push sent to queue 5008
[/var/www/projects/push_server/queue_manager.php:64] 1 worker threads activated by manager.
[/var/www/projects/push_server/queue_worker.php:54] Push sent to queue 5009
[/var/www/projects/push_server/queue_manager.php:64] 1 worker threads activated by manager.
[/var/www/projects/push_server/queue_worker.php:54] Push sent to queue 5010
[/var/www/projects/push_server/queue_manager.php:64] 1 worker threads activated by manager.
[/var/www/projects/push_server/queue_worker.php:54] Push sent to queue 5011
[/var/www/projects/push_server/queue_manager.php:64] 1 worker threads activated by manager.
[/var/www/projects/push_server/queue_worker.php:54] Push sent to queue 5012
[/var/www/projects/push_server/queue_manager.php:64] 3 worker threads activated by manager.
[/var/www/projects/push_server/queue_worker.php:54] Push sent to queue 5015
[/var/www/projects/push_server/queue_worker.php:38] {"command":8,"status_code":8,"identifier":744097345,"error_message":"Invalid token"}
[/var/www/projects/push_server/queue_worker.php:54] Push sent to queue 5013
[/var/www/projects/push_server/queue_worker.php:40] succeed
[/var/www/projects/push_server/queue_worker.php:54] Push sent to queue 5014
[/var/www/projects/push_server/queue_manager.php:64] 1 worker threads activated by manager.
[/var/www/projects/push_server/queue_worker.php:54] Push sent to queue 5016
[/var/www/projects/push_server/queue_manager.php:64] 1 worker threads activated by manager.
[/var/www/projects/push_server/queue_worker.php:54] Push sent to queue 5017
[/var/www/projects/push_server/queue_manager.php:64] 1 worker threads activated by manager.
[/var/www/projects/push_server/queue_worker.php:54] Push sent to queue 5018
[/var/www/projects/push_server/queue_manager.php:64] 1 worker threads activated by manager.
[/var/www/projects/push_server/queue_worker.php:54] Push sent to queue 5019
[/var/www/projects/push_server/queue_manager.php:64] 1 worker threads activated by manager.
[/var/www/projects/push_server/queue_worker.php:54] Push sent to queue 5020
[/var/www/projects/push_server/queue_manager.php:64] 1 worker threads activated by manager.
[/var/www/projects/push_server/queue_worker.php:54] Push sent to queue 5021
[/var/www/projects/push_server/queue_manager.php:64] 1 worker threads activated by manager.
[/var/www/projects/push_server/queue_worker.php:54] Push sent to queue 5022
[/var/www/projects/push_server/queue_manager.php:64] 3 worker threads activated by manager.
[/var/www/projects/push_server/queue_worker.php:54] Push sent to queue 5025
[/var/www/projects/push_server/queue_worker.php:38] {"command":8,"status_code":8,"identifier":1611545102,"error_message":"Invalid token"}
[/var/www/projects/push_server/queue_worker.php:54] Push sent to queue 5023
[/var/www/projects/push_server/queue_worker.php:40] succeed
[/var/www/projects/push_server/queue_worker.php:54] Push sent to queue 5024
[/var/www/projects/push_server/queue_manager.php:64] 1 worker threads activated by manager.
[/var/www/projects/push_server/queue_worker.php:54] Push sent to queue 5026
[/var/www/projects/push_server/queue_manager.php:64] 1 worker threads activated by manager.
[/var/www/projects/push_server/queue_worker.php:54] Push sent to queue 5027
[/var/www/projects/push_server/queue_manager.php:64] 3 worker threads activated by manager.
[/var/www/projects/push_server/queue_worker.php:54] Push sent to queue 5030
[/var/www/projects/push_server/queue_worker.php:38] {"command":8,"status_code":8,"identifier":340998151,"error_message":"Invalid token"}
[/var/www/projects/push_server/queue_worker.php:54] Push sent to queue 5028
[/var/www/projects/push_server/queue_worker.php:40] succeed
[/var/www/projects/push_server/queue_worker.php:54] Push sent to queue 5029
[/var/www/projects/push_server/queue_manager.php:64] 1 worker threads activated by manager.
[/var/www/projects/push_server/queue_worker.php:54] Push sent to queue 5031
[/var/www/projects/push_server/queue_manager.php:64] 3 worker threads activated by manager.
[/var/www/projects/push_server/queue_worker.php:54] Push sent to queue 5034
[/var/www/projects/push_server/queue_worker.php:38] {"command":8,"status_code":8,"identifier":792736810,"error_message":"Invalid token"}
[/var/www/projects/push_server/queue_worker.php:54] Push sent to queue 5032
[/var/www/projects/push_server/queue_worker.php:40] succeed
[/var/www/projects/push_server/queue_worker.php:54] Push sent to queue 5033
[/var/www/projects/push_server/queue_manager.php:64] 1 worker threads activated by manager.
[/var/www/projects/push_server/queue_worker.php:54] Push sent to queue 5035
[/var/www/projects/push_server/queue_manager.php:64] 1 worker threads activated by manager.
[/var/www/projects/push_server/queue_worker.php:54] Push sent to queue 5036
[/var/www/projects/push_server/queue_manager.php:64] 1 worker threads activated by manager.
[/var/www/projects/push_server/queue_worker.php:54] Push sent to queue 5037
[/var/www/projects/push_server/queue_manager.php:64] 1 worker threads activated by manager.
[/var/www/projects/push_server/queue_worker.php:54] Push sent to queue 5038
[/var/www/projects/push_server/queue_manager.php:64] 1 worker threads activated by manager.
[/var/www/projects/push_server/queue_worker.php:54] Push sent to queue 5039
[/var/www/projects/push_server/queue_manager.php:64] 1 worker threads activated by manager.
[/var/www/projects/push_server/queue_worker.php:54] Push sent to queue 5040
[/var/www/projects/push_server/queue_manager.php:64] 1 worker threads activated by manager.
[/var/www/projects/push_server/queue_worker.php:54] Push sent to queue 5041
[/var/www/projects/push_server/queue_manager.php:64] 1 worker threads activated by manager.
[/var/www/projects/push_server/queue_worker.php:54] Push sent to queue 5042
[/var/www/projects/push_server/queue_manager.php:64] 1 worker threads activated by manager.
[/var/www/projects/push_server/queue_worker.php:54] Push sent to queue 5043
[/var/www/projects/push_server/queue_manager.php:64] 1 worker threads activated by manager.
[/var/www/projects/push_server/queue_worker.php:54] Push sent to queue 5044
[/var/www/projects/push_server/queue_manager.php:64] 3 worker threads activated by manager.
[/var/www/projects/push_server/queue_worker.php:54] Push sent to queue 5047
[/var/www/projects/push_server/queue_worker.php:38] {"command":8,"status_code":8,"identifier":1496845404,"error_message":"Invalid token"}
[/var/www/projects/push_server/queue_worker.php:54] Push sent to queue 5045
[/var/www/projects/push_server/queue_worker.php:40] succeed
[/var/www/projects/push_server/queue_worker.php:54] Push sent to queue 5046
[/var/www/projects/push_server/queue_manager.php:64] 1 worker threads activated by manager.
[/var/www/projects/push_server/queue_worker.php:54] Push sent to queue 5048
[/var/www/projects/push_server/queue_manager.php:64] 3 worker threads activated by manager.
[/var/www/projects/push_server/queue_worker.php:54] Push sent to queue 5051
[/var/www/projects/push_server/queue_worker.php:38] {"command":8,"status_code":8,"identifier":1464083525,"error_message":"Invalid token"}
[/var/www/projects/push_server/queue_worker.php:54] Push sent to queue 5049
[/var/www/projects/push_server/queue_worker.php:40] succeed
[/var/www/projects/push_server/queue_worker.php:54] Push sent to queue 5050
[/var/www/projects/push_server/queue_manager.php:64] 1 worker threads activated by manager.
[/var/www/projects/push_server/queue_worker.php:54] Push sent to queue 5052
[/var/www/projects/push_server/queue_manager.php:64] 3 worker threads activated by manager.
[/var/www/projects/push_server/queue_worker.php:54] Push sent to queue 5055
[/var/www/projects/push_server/queue_worker.php:38] {"command":8,"status_code":8,"identifier":693112617,"error_message":"Invalid token"}
[/var/www/projects/push_server/queue_worker.php:54] Push sent to queue 5053
[/var/www/projects/push_server/queue_worker.php:40] succeed
[/var/www/projects/push_server/queue_worker.php:54] Push sent to queue 5054
[/var/www/projects/push_server/queue_manager.php:64] 1 worker threads activated by manager.
[/var/www/projects/push_server/queue_manager.php:64] 1 worker threads activated by manager.
[/var/www/projects/push_server/queue_worker.php:40] succeed
[/var/www/projects/push_server/queue_worker.php:54] Push sent to queue 5057
[/var/www/projects/push_server/queue_worker.php:38] {"command":8,"status_code":8,"identifier":86791703,"error_message":"Invalid token"}
[/var/www/projects/push_server/queue_worker.php:54] Push sent to queue 5056
[/var/www/projects/push_server/queue_manager.php:64] 1 worker threads activated by manager.
[/var/www/projects/push_server/queue_worker.php:54] Push sent to queue 5058
[/var/www/projects/push_server/queue_manager.php:64] 1 worker threads activated by manager.
[/var/www/projects/push_server/queue_worker.php:54] Push sent to queue 5059
[/var/www/projects/push_server/queue_manager.php:64] 1 worker threads activated by manager.
[/var/www/projects/push_server/queue_worker.php:54] Push sent to queue 5060
[/var/www/projects/push_server/queue_manager.php:64] 3 worker threads activated by manager.
[/var/www/projects/push_server/queue_worker.php:54] Push sent to queue 5061
[/var/www/projects/push_server/queue_worker.php:38] {"command":8,"status_code":8,"identifier":860572707,"error_message":"Invalid token"}
[/var/www/projects/push_server/queue_worker.php:54] Push sent to queue 5062
[/var/www/projects/push_server/queue_worker.php:40] succeed
[/var/www/projects/push_server/queue_worker.php:54] Push sent to queue 5063
[/var/www/projects/push_server/queue_manager.php:64] 1 worker threads activated by manager.
[/var/www/projects/push_server/queue_worker.php:54] Push sent to queue 5064
[/var/www/projects/push_server/queue_manager.php:64] 3 worker threads activated by manager.
[/var/www/projects/push_server/queue_worker.php:54] Push sent to queue 5065
[/var/www/projects/push_server/queue_worker.php:40] succeed
[/var/www/projects/push_server/queue_worker.php:54] Push sent to queue 5067
[/var/www/projects/push_server/queue_worker.php:38] succeed
[/var/www/projects/push_server/queue_worker.php:54] Push sent to queue 5066
[/var/www/projects/push_server/queue_manager.php:64] 1 worker threads activated by manager.
[/var/www/projects/push_server/queue_worker.php:54] Push sent to queue 5068
[/var/www/projects/push_server/queue_manager.php:64] 1 worker threads activated by manager.
[/var/www/projects/push_server/queue_worker.php:54] Push sent to queue 5069
[/var/www/projects/push_server/queue_manager.php:64] 1 worker threads activated by manager.
[/var/www/projects/push_server/queue_worker.php:38] {"command":8,"status_code":8,"identifier":590565380,"error_message":"Invalid token"}
[/var/www/projects/push_server/queue_worker.php:54] Push sent to queue 5070
[/var/www/projects/push_server/queue_manager.php:64] 1 worker threads activated by manager.
[/var/www/projects/push_server/queue_worker.php:40] succeed
[/var/www/projects/push_server/queue_worker.php:54] Push sent to queue 5071
[/var/www/projects/push_server/queue_manager.php:64] 1 worker threads activated by manager.
[/var/www/projects/push_server/queue_worker.php:38] {"command":8,"status_code":8,"identifier":839528274,"error_message":"Invalid token"}
[/var/www/projects/push_server/queue_worker.php:54] Push sent to queue 5072
[/var/www/projects/push_server/queue_manager.php:64] 1 worker threads activated by manager.
[/var/www/projects/push_server/queue_worker.php:40] succeed
[/var/www/projects/push_server/queue_worker.php:54] Push sent to queue 5073
[/var/www/projects/push_server/queue_manager.php:64] 1 worker threads activated by manager.
[/var/www/projects/push_server/queue_manager.php:64] 1 worker threads activated by manager.
[/var/www/projects/push_server/queue_worker.php:38] {"command":8,"status_code":8,"identifier":118621268,"error_message":"Invalid token"}
[/var/www/projects/push_server/queue_worker.php:54] Push sent to queue 5074
[/var/www/projects/push_server/queue_worker.php:40] succeed
[/var/www/projects/push_server/queue_worker.php:54] Push sent to queue 5075
[/var/www/projects/push_server/queue_manager.php:64] 1 worker threads activated by manager.
[/var/www/projects/push_server/queue_worker.php:54] Push sent to queue 5076
[/var/www/projects/push_server/queue_manager.php:64] 1 worker threads activated by manager.
[/var/www/projects/push_server/queue_worker.php:38] {"command":8,"status_code":8,"identifier":928399954,"error_message":"Invalid token"}
[/var/www/projects/push_server/queue_worker.php:54] Push sent to queue 5077
[/var/www/projects/push_server/queue_manager.php:64] 1 worker threads activated by manager.
[/var/www/projects/push_server/queue_worker.php:40] succeed
[/var/www/projects/push_server/queue_worker.php:54] Push sent to queue 5078
[/var/www/projects/push_server/queue_manager.php:64] 1 worker threads activated by manager.
[/var/www/projects/push_server/queue_manager.php:64] 1 worker threads activated by manager.
[/var/www/projects/push_server/queue_worker.php:38] {"command":8,"status_code":8,"identifier":1111624267,"error_message":"Invalid token"}
[/var/www/projects/push_server/queue_worker.php:54] Push sent to queue 5079
[/var/www/projects/push_server/queue_worker.php:40] succeed
[/var/www/projects/push_server/queue_worker.php:54] Push sent to queue 5080
[/var/www/projects/push_server/queue_manager.php:64] 1 worker threads activated by manager.
[/var/www/projects/push_server/queue_manager.php:64] 4 worker threads activated by manager.
[/var/www/projects/push_server/queue_worker.php:54] Push sent to queue 5083
[/var/www/projects/push_server/queue_worker.php:54] Push sent to queue 5082
[/var/www/projects/push_server/queue_worker.php:54] Push sent to queue 5085
[/var/www/projects/push_server/queue_worker.php:54] Push sent to queue 5081
[/var/www/projects/push_server/queue_worker.php:54] Push sent to queue 5084
[/var/www/projects/push_server/queue_manager.php:64] 1 worker threads activated by manager.
[/var/www/projects/push_server/queue_worker.php:54] Push sent to queue 5086
[/var/www/projects/push_server/queue_manager.php:64] 4 worker threads activated by manager.
[/var/www/projects/push_server/queue_worker.php:54] Push sent to queue 5088
[/var/www/projects/push_server/queue_worker.php:54] Push sent to queue 5089
[/var/www/projects/push_server/queue_worker.php:54] Push sent to queue 5090
[/var/www/projects/push_server/queue_worker.php:54] Push sent to queue 5087
[/var/www/projects/push_server/queue_manager.php:64] 1 worker threads activated by manager.
[/var/www/projects/push_server/queue_worker.php:54] Push sent to queue 5091
[/var/www/projects/push_server/queue_manager.php:64] 4 worker threads activated by manager.
[/var/www/projects/push_server/queue_worker.php:54] Push sent to queue 5093
[/var/www/projects/push_server/queue_worker.php:54] Push sent to queue 5094
[/var/www/projects/push_server/queue_worker.php:54] Push sent to queue 5095
[/var/www/projects/push_server/queue_worker.php:54] Push sent to queue 5092
[/var/www/projects/push_server/queue_manager.php:64] 1 worker threads activated by manager.
[/var/www/projects/push_server/queue_worker.php:54] Push sent to queue 5096
[/var/www/projects/push_server/queue_manager.php:64] 4 worker threads activated by manager.
[/var/www/projects/push_server/queue_worker.php:54] Push sent to queue 5098
[/var/www/projects/push_server/queue_worker.php:54] Push sent to queue 5099
[/var/www/projects/push_server/queue_worker.php:54] Push sent to queue 5097
[/var/www/projects/push_server/queue_worker.php:54] Push sent to queue 5100
[/var/www/projects/push_server/queue_manager.php:64] 1 worker threads activated by manager.
[/var/www/projects/push_server/queue_worker.php:54] Push sent to queue 5101
[/var/www/projects/push_server/queue_manager.php:64] 4 worker threads activated by manager.
[/var/www/projects/push_server/queue_worker.php:54] Push sent to queue 5103
[/var/www/projects/push_server/queue_worker.php:54] Push sent to queue 5104
[/var/www/projects/push_server/queue_worker.php:54] Push sent to queue 5105
[/var/www/projects/push_server/queue_worker.php:54] Push sent to queue 5102
[/var/www/projects/push_server/queue_manager.php:64] 1 worker threads activated by manager.
[/var/www/projects/push_server/queue_worker.php:54] Push sent to queue 5106
[/var/www/projects/push_server/queue_manager.php:64] 1 worker threads activated by manager.
[/var/www/projects/push_server/queue_worker.php:54] Push sent to queue 5107
[/var/www/projects/push_server/queue_manager.php:64] 1 worker threads activated by manager.
[/var/www/projects/push_server/queue_worker.php:54] Push sent to queue 5108
[/var/www/projects/push_server/queue_manager.php:64] 2 worker threads activated by manager.
[/var/www/projects/push_server/queue_worker.php:54] Push sent to queue 5110
[/var/www/projects/push_server/queue_worker.php:54] Push sent to queue 5109
[/var/www/projects/push_server/queue_manager.php:64] 1 worker threads activated by manager.
[/var/www/projects/push_server/queue_worker.php:54] Push sent to queue 5111
[/var/www/projects/push_server/queue_manager.php:64] 1 worker threads activated by manager.
[/var/www/projects/push_server/queue_worker.php:54] Push sent to queue 5112
[/var/www/projects/push_server/queue_manager.php:64] 1 worker threads activated by manager.
[/var/www/projects/push_server/queue_worker.php:54] Push sent to queue 5113
[/var/www/projects/push_server/queue_manager.php:64] 1 worker threads activated by manager.
[/var/www/projects/push_server/queue_worker.php:54] Push sent to queue 5114
[/var/www/projects/push_server/queue_manager.php:64] 1 worker threads activated by manager.
[/var/www/projects/push_server/queue_worker.php:54] Push sent to queue 5115
[/var/www/projects/push_server/queue_manager.php:64] 1 worker threads activated by manager.
[/var/www/projects/push_server/queue_worker.php:54] Push sent to queue 5116
[/var/www/projects/push_server/queue_manager.php:64] 1 worker threads activated by manager.
[/var/www/projects/push_server/queue_worker.php:54] Push sent to queue 5117
[/var/www/projects/push_server/queue_manager.php:64] 1 worker threads activated by manager.
[/var/www/projects/push_server/queue_worker.php:54] Push sent to queue 5118
[/var/www/projects/push_server/queue_manager.php:64] 1 worker threads activated by manager.
[/var/www/projects/push_server/queue_worker.php:54] Push sent to queue 5119
[/var/www/projects/push_server/queue_manager.php:64] 1 worker threads activated by manager.
[/var/www/projects/push_server/queue_worker.php:54] Push sent to queue 5120
[/var/www/projects/push_server/queue_manager.php:64] 1 worker threads activated by manager.
[/var/www/projects/push_server/queue_worker.php:54] Push sent to queue 5121
[/var/www/projects/push_server/queue_manager.php:64] 1 worker threads activated by manager.
[/var/www/projects/push_server/queue_worker.php:54] Push sent to queue 5122
[/var/www/projects/push_server/queue_manager.php:64] 1 worker threads activated by manager.
[/var/www/projects/push_server/queue_worker.php:54] Push sent to queue 5123
[/var/www/projects/push_server/queue_manager.php:64] 1 worker threads activated by manager.
[/var/www/projects/push_server/queue_worker.php:54] Push sent to queue 5124
[/var/www/projects/push_server/queue_manager.php:64] 1 worker threads activated by manager.
[/var/www/projects/push_server/queue_worker.php:54] Push sent to queue 5125
[/var/www/projects/push_server/queue_manager.php:64] 1 worker threads activated by manager.
[/var/www/projects/push_server/queue_worker.php:54] Push sent to queue 5126
[/var/www/projects/push_server/queue_manager.php:64] 1 worker threads activated by manager.
[/var/www/projects/push_server/queue_worker.php:54] Push sent to queue 5127
[/var/www/projects/push_server/queue_manager.php:64] 1 worker threads activated by manager.
[/var/www/projects/push_server/queue_worker.php:54] Push sent to queue 5128
[/var/www/projects/push_server/queue_manager.php:64] 1 worker threads activated by manager.
[/var/www/projects/push_server/queue_worker.php:54] Push sent to queue 5129
[/var/www/projects/push_server/queue_manager.php:64] 1 worker threads activated by manager.
[/var/www/projects/push_server/queue_worker.php:54] Push sent to queue 5130
[/var/www/projects/push_server/queue_manager.php:64] 1 worker threads activated by manager.
[/var/www/projects/push_server/queue_worker.php:54] Push sent to queue 5131
[/var/www/projects/push_server/queue_manager.php:64] 1 worker threads activated by manager.
[/var/www/projects/push_server/queue_worker.php:54] Push sent to queue 5132
[/var/www/projects/push_server/queue_manager.php:64] 2 worker threads activated by manager.
[/var/www/projects/push_server/queue_worker.php:54] Push sent to queue 5133
[/var/www/projects/push_server/queue_worker.php:54] Push sent to queue 5134
[/var/www/projects/push_server/queue_manager.php:64] 1 worker threads activated by manager.
[/var/www/projects/push_server/queue_worker.php:54] Push sent to queue 5135
[/var/www/projects/push_server/queue_manager.php:64] 1 worker threads activated by manager.
[/var/www/projects/push_server/queue_worker.php:54] Push sent to queue 5136
[/var/www/projects/push_server/queue_manager.php:64] 1 worker threads activated by manager.
[/var/www/projects/push_server/queue_worker.php:54] Push sent to queue 5137
[/var/www/projects/push_server/queue_manager.php:64] 2 worker threads activated by manager.
[/var/www/projects/push_server/queue_worker.php:54] Push sent to queue 5138
[/var/www/projects/push_server/queue_worker.php:54] Push sent to queue 5139
[/var/www/projects/push_server/queue_manager.php:64] 1 worker threads activated by manager.
[/var/www/projects/push_server/queue_worker.php:54] Push sent to queue 5140
[/var/www/projects/push_server/queue_manager.php:64] 2 worker threads activated by manager.
[/var/www/projects/push_server/queue_worker.php:54] Push sent to queue 5141
[/var/www/projects/push_server/queue_worker.php:54] Push sent to queue 5142
[/var/www/projects/push_server/queue_manager.php:64] 1 worker threads activated by manager.
[/var/www/projects/push_server/queue_worker.php:54] Push sent to queue 5143
[/var/www/projects/push_server/queue_manager.php:64] 2 worker threads activated by manager.
[/var/www/projects/push_server/queue_worker.php:54] Push sent to queue 5144
[/var/www/projects/push_server/queue_worker.php:54] Push sent to queue 5145
[/var/www/projects/push_server/queue_manager.php:64] 1 worker threads activated by manager.
[/var/www/projects/push_server/queue_worker.php:54] Push sent to queue 5146
[/var/www/projects/push_server/queue_manager.php:64] 2 worker threads activated by manager.
[/var/www/projects/push_server/queue_worker.php:54] Push sent to queue 5147
[/var/www/projects/push_server/queue_worker.php:54] Push sent to queue 5148
[/var/www/projects/push_server/queue_manager.php:64] 1 worker threads activated by manager.
[/var/www/projects/push_server/queue_worker.php:54] Push sent to queue 5149
[/var/www/projects/push_server/queue_manager.php:64] 2 worker threads activated by manager.
[/var/www/projects/push_server/queue_worker.php:54] Push sent to queue 5150
[/var/www/projects/push_server/queue_worker.php:54] Push sent to queue 5151
[/var/www/projects/push_server/queue_manager.php:64] 1 worker threads activated by manager.
[/var/www/projects/push_server/queue_worker.php:54] Push sent to queue 5152
[/var/www/projects/push_server/queue_manager.php:64] 2 worker threads activated by manager.
[/var/www/projects/push_server/queue_worker.php:54] Push sent to queue 5153
[/var/www/projects/push_server/queue_worker.php:54] Push sent to queue 5154
[/var/www/projects/push_server/queue_manager.php:64] 1 worker threads activated by manager.
[/var/www/projects/push_server/queue_worker.php:54] Push sent to queue 5155
[/var/www/projects/push_server/queue_manager.php:64] 2 worker threads activated by manager.
[/var/www/projects/push_server/queue_worker.php:54] Push sent to queue 5156
[/var/www/projects/push_server/queue_worker.php:54] Push sent to queue 5157
[/var/www/projects/push_server/queue_manager.php:64] 1 worker threads activated by manager.
[/var/www/projects/push_server/queue_worker.php:54] Push sent to queue 5158
[/var/www/projects/push_server/queue_manager.php:64] 2 worker threads activated by manager.
[/var/www/projects/push_server/queue_worker.php:54] Push sent to queue 5159
[/var/www/projects/push_server/queue_worker.php:54] Push sent to queue 5160
[/var/www/projects/push_server/queue_manager.php:64] 1 worker threads activated by manager.
[/var/www/projects/push_server/queue_worker.php:54] Push sent to queue 5161
[/var/www/projects/push_server/queue_manager.php:64] 2 worker threads activated by manager.
[/var/www/projects/push_server/queue_worker.php:54] Push sent to queue 5162
[/var/www/projects/push_server/queue_worker.php:54] Push sent to queue 5163
[/var/www/projects/push_server/queue_manager.php:64] 1 worker threads activated by manager.
[/var/www/projects/push_server/queue_worker.php:54] Push sent to queue 5164
[/var/www/projects/push_server/queue_manager.php:64] 2 worker threads activated by manager.
[/var/www/projects/push_server/queue_worker.php:54] Push sent to queue 5165
[/var/www/projects/push_server/queue_worker.php:54] Push sent to queue 5166
[/var/www/projects/push_server/queue_manager.php:64] 1 worker threads activated by manager.
[/var/www/projects/push_server/queue_worker.php:54] Push sent to queue 5167
[/var/www/projects/push_server/queue_manager.php:64] 1 worker threads activated by manager.
[/var/www/projects/push_server/queue_worker.php:54] Push sent to queue 5168
[/var/www/projects/push_server/queue_manager.php:64] 1 worker threads activated by manager.
[/var/www/projects/push_server/queue_worker.php:54] Push sent to queue 5169
[/var/www/projects/push_server/queue_manager.php:64] 2 worker threads activated by manager.
[/var/www/projects/push_server/queue_worker.php:54] Push sent to queue 5170
[/var/www/projects/push_server/queue_worker.php:54] Push sent to queue 5171
[/var/www/projects/push_server/queue_manager.php:64] 1 worker threads activated by manager.
[/var/www/projects/push_server/queue_worker.php:54] Push sent to queue 5172
[/var/www/projects/push_server/queue_manager.php:64] 2 worker threads activated by manager.
[/var/www/projects/push_server/queue_worker.php:54] Push sent to queue 5173
[/var/www/projects/push_server/queue_worker.php:54] Push sent to queue 5174
[/var/www/projects/push_server/queue_manager.php:64] 1 worker threads activated by manager.
[/var/www/projects/push_server/queue_worker.php:54] Push sent to queue 5175
[/var/www/projects/push_server/queue_manager.php:64] 2 worker threads activated by manager.
[/var/www/projects/push_server/queue_worker.php:54] Push sent to queue 5177
[/var/www/projects/push_server/queue_worker.php:54] Push sent to queue 5176
[/var/www/projects/push_server/queue_manager.php:64] 1 worker threads activated by manager.
[/var/www/projects/push_server/queue_worker.php:54] Push sent to queue 5178
[/var/www/projects/push_server/queue_manager.php:64] 1 worker threads activated by manager.
[/var/www/projects/push_server/queue_worker.php:54] Push sent to queue 5179
[/var/www/projects/push_server/queue_manager.php:64] 1 worker threads activated by manager.
[/var/www/projects/push_server/queue_worker.php:54] Push sent to queue 5180
[/var/www/projects/push_server/queue_manager.php:64] 1 worker threads activated by manager.
[/var/www/projects/push_server/queue_manager.php:64] 1 worker threads activated by manager.
[/var/www/projects/push_server/queue_worker.php:54] Push sent to queue 5181
[/var/www/projects/push_server/queue_worker.php:54] Push sent to queue 5182
[/var/www/projects/push_server/queue_manager.php:64] 1 worker threads activated by manager.
[/var/www/projects/push_server/queue_worker.php:54] Push sent to queue 5183
[/var/www/projects/push_server/queue_manager.php:64] 1 worker threads activated by manager.
[/var/www/projects/push_server/queue_worker.php:54] Push sent to queue 5184
[/var/www/projects/push_server/queue_manager.php:64] 1 worker threads activated by manager.
[/var/www/projects/push_server/queue_worker.php:54] Push sent to queue 5185
[/var/www/projects/push_server/queue_manager.php:64] 1 worker threads activated by manager.
[/var/www/projects/push_server/queue_worker.php:54] Push sent to queue 5186
[/var/www/projects/push_server/queue_manager.php:64] 1 worker threads activated by manager.
[/var/www/projects/push_server/queue_worker.php:54] Push sent to queue 5187
[/var/www/projects/push_server/queue_manager.php:64] 1 worker threads activated by manager.
[/var/www/projects/push_server/queue_worker.php:54] Push sent to queue 5188
[/var/www/projects/push_server/queue_manager.php:64] 1 worker threads activated by manager.
[/var/www/projects/push_server/queue_worker.php:54] Push sent to queue 5189
[/var/www/projects/push_server/queue_manager.php:64] 3 worker threads activated by manager.
[/var/www/projects/push_server/queue_worker.php:54] Push sent to queue 5190
[/var/www/projects/push_server/queue_worker.php:54] Push sent to queue 5192
[/var/www/projects/push_server/queue_worker.php:54] Push sent to queue 5191
[/var/www/projects/push_server/queue_manager.php:64] 1 worker threads activated by manager.
[/var/www/projects/push_server/queue_worker.php:54] Push sent to queue 5193
[/var/www/projects/push_server/queue_manager.php:64] 1 worker threads activated by manager.
[/var/www/projects/push_server/queue_worker.php:54] Push sent to queue 5194
[/var/www/projects/push_server/queue_manager.php:64] 1 worker threads activated by manager.
[/var/www/projects/push_server/queue_worker.php:54] Push sent to queue 5195
[/var/www/projects/push_server/queue_manager.php:64] 1 worker threads activated by manager.
[/var/www/projects/push_server/queue_worker.php:54] Push sent to queue 5196
[/var/www/projects/push_server/queue_manager.php:64] 2 worker threads activated by manager.
[/var/www/projects/push_server/queue_worker.php:54] Push sent to queue 5197
[/var/www/projects/push_server/queue_worker.php:54] Push sent to queue 5198
[/var/www/projects/push_server/queue_manager.php:64] 1 worker threads activated by manager.
[/var/www/projects/push_server/queue_worker.php:54] Push sent to queue 5199
[/var/www/projects/push_server/queue_manager.php:64] 1 worker threads activated by manager.
[/var/www/projects/push_server/queue_worker.php:54] Push sent to queue 5200
[/var/www/projects/push_server/queue_manager.php:64] 1 worker threads activated by manager.
[/var/www/projects/push_server/queue_worker.php:54] Push sent to queue 5201
[/var/www/projects/push_server/queue_manager.php:64] 1 worker threads activated by manager.
[/var/www/projects/push_server/queue_worker.php:54] Push sent to queue 5202
[/var/www/projects/push_server/queue_manager.php:64] 1 worker threads activated by manager.
[/var/www/projects/push_server/queue_worker.php:54] Push sent to queue 5203
[/var/www/projects/push_server/queue_manager.php:64] 1 worker threads activated by manager.
[/var/www/projects/push_server/queue_worker.php:54] Push sent to queue 5204
[/var/www/projects/push_server/queue_manager.php:64] 1 worker threads activated by manager.
[/var/www/projects/push_server/queue_worker.php:54] Push sent to queue 5205
[/var/www/projects/push_server/queue_manager.php:64] 1 worker threads activated by manager.
[/var/www/projects/push_server/queue_worker.php:54] Push sent to queue 5206
[/var/www/projects/push_server/queue_manager.php:64] 1 worker threads activated by manager.
[/var/www/projects/push_server/queue_worker.php:54] Push sent to queue 5207
[/var/www/projects/push_server/queue_manager.php:64] 1 worker threads activated by manager.
[/var/www/projects/push_server/queue_worker.php:54] Push sent to queue 5208
[/var/www/projects/push_server/queue_manager.php:64] 1 worker threads activated by manager.
[/var/www/projects/push_server/queue_worker.php:54] Push sent to queue 5209
[/var/www/projects/push_server/queue_manager.php:64] 1 worker threads activated by manager.
[/var/www/projects/push_server/queue_worker.php:54] Push sent to queue 5210
[/var/www/projects/push_server/queue_manager.php:64] 1 worker threads activated by manager.
[/var/www/projects/push_server/queue_worker.php:54] Push sent to queue 5211
[/var/www/projects/push_server/queue_manager.php:64] 1 worker threads activated by manager.
[/var/www/projects/push_server/queue_worker.php:54] Push sent to queue 5212
[/var/www/projects/push_server/queue_manager.php:64] 1 worker threads activated by manager.
[/var/www/projects/push_server/queue_worker.php:54] Push sent to queue 5213
[/var/www/projects/push_server/queue_manager.php:64] 1 worker threads activated by manager.
[/var/www/projects/push_server/queue_worker.php:54] Push sent to queue 5214
[/var/www/projects/push_server/queue_manager.php:64] 1 worker threads activated by manager.
[/var/www/projects/push_server/queue_worker.php:54] Push sent to queue 5215
[/var/www/projects/push_server/queue_manager.php:64] 1 worker threads activated by manager.
[/var/www/projects/push_server/queue_worker.php:54] Push sent to queue 5216
[/var/www/projects/push_server/queue_manager.php:64] 1 worker threads activated by manager.
[/var/www/projects/push_server/queue_worker.php:54] Push sent to queue 5217
[/var/www/projects/push_server/queue_manager.php:64] 1 worker threads activated by manager.
[/var/www/projects/push_server/queue_worker.php:54] Push sent to queue 5218
[/var/www/projects/push_server/queue_manager.php:64] 1 worker threads activated by manager.
[/var/www/projects/push_server/queue_worker.php:54] Push sent to queue 5219
[/var/www/projects/push_server/queue_manager.php:64] 1 worker threads activated by manager.
[/var/www/projects/push_server/queue_worker.php:54] Push sent to queue 5220
[/var/www/projects/push_server/queue_manager.php:64] 1 worker threads activated by manager.
[/var/www/projects/push_server/queue_worker.php:54] Push sent to queue 5221
[/var/www/projects/push_server/queue_manager.php:64] 1 worker threads activated by manager.
[/var/www/projects/push_server/queue_worker.php:54] Push sent to queue 5222
[/var/www/projects/push_server/queue_manager.php:64] 1 worker threads activated by manager.
[/var/www/projects/push_server/queue_worker.php:54] Push sent to queue 5223
[/var/www/projects/push_server/queue_manager.php:64] 1 worker threads activated by manager.
[/var/www/projects/push_server/queue_worker.php:54] Push sent to queue 5224
[/var/www/projects/push_server/queue_manager.php:64] 1 worker threads activated by manager.
[/var/www/projects/push_server/queue_worker.php:54] Push sent to queue 5225
[/var/www/projects/push_server/queue_manager.php:64] 1 worker threads activated by manager.
[/var/www/projects/push_server/queue_worker.php:54] Push sent to queue 5226
[/var/www/projects/push_server/queue_manager.php:64] 1 worker threads activated by manager.
[/var/www/projects/push_server/queue_worker.php:54] Push sent to queue 5227
[/var/www/projects/push_server/queue_manager.php:64] 1 worker threads activated by manager.
[/var/www/projects/push_server/queue_worker.php:54] Push sent to queue 5228
[/var/www/projects/push_server/queue_manager.php:64] 1 worker threads activated by manager.
[/var/www/projects/push_server/queue_worker.php:54] Push sent to queue 5229
[/var/www/projects/push_server/queue_manager.php:64] 1 worker threads activated by manager.
[/var/www/projects/push_server/queue_worker.php:54] Push sent to queue 5230
[/var/www/projects/push_server/queue_manager.php:64] 1 worker threads activated by manager.
[/var/www/projects/push_server/queue_worker.php:54] Push sent to queue 5231
[/var/www/projects/push_server/queue_manager.php:64] 1 worker threads activated by manager.
[/var/www/projects/push_server/queue_worker.php:54] Push sent to queue 5232
[/var/www/projects/push_server/queue_manager.php:64] 1 worker threads activated by manager.
[/var/www/projects/push_server/queue_worker.php:54] Push sent to queue 5233
[/var/www/projects/push_server/queue_manager.php:64] 1 worker threads activated by manager.
[/var/www/projects/push_server/queue_worker.php:54] Push sent to queue 5234
[/var/www/projects/push_server/queue_manager.php:64] 1 worker threads activated by manager.
[/var/www/projects/push_server/queue_worker.php:54] Push sent to queue 5235
[/var/www/projects/push_server/queue_manager.php:64] 1 worker threads activated by manager.
[/var/www/projects/push_server/queue_worker.php:54] Push sent to queue 5236
[/var/www/projects/push_server/queue_manager.php:64] 1 worker threads activated by manager.
[/var/www/projects/push_server/queue_worker.php:54] Push sent to queue 5237
[/var/www/projects/push_server/queue_manager.php:64] 1 worker threads activated by manager.
[/var/www/projects/push_server/queue_worker.php:54] Push sent to queue 5238
[/var/www/projects/push_server/queue_manager.php:64] 1 worker threads activated by manager.
[/var/www/projects/push_server/queue_worker.php:54] Push sent to queue 5239
[/var/www/projects/push_server/queue_manager.php:64] 1 worker threads activated by manager.
[/var/www/projects/push_server/queue_worker.php:54] Push sent to queue 5240
[/var/www/projects/push_server/queue_manager.php:64] 1 worker threads activated by manager.
[/var/www/projects/push_server/queue_worker.php:54] Push sent to queue 5241
[/var/www/projects/push_server/queue_manager.php:64] 1 worker threads activated by manager.
[/var/www/projects/push_server/queue_manager.php:64] 1 worker threads activated by manager.
[/var/www/projects/push_server/queue_worker.php:54] Push sent to queue 5242
[/var/www/projects/push_server/queue_worker.php:54] Push sent to queue 5243
[/var/www/projects/push_server/queue_manager.php:64] 1 worker threads activated by manager.
[/var/www/projects/push_server/queue_worker.php:54] Push sent to queue 5244
[/var/www/projects/push_server/queue_manager.php:64] 1 worker threads activated by manager.
[/var/www/projects/push_server/queue_worker.php:54] Push sent to queue 5245
[/var/www/projects/push_server/queue_manager.php:64] 3 worker threads activated by manager.
[/var/www/projects/push_server/queue_worker.php:54] Push sent to queue 5248
[/var/www/projects/push_server/queue_worker.php:54] Push sent to queue 5246
[/var/www/projects/push_server/queue_worker.php:54] Push sent to queue 5247
[/var/www/projects/push_server/queue_manager.php:64] 1 worker threads activated by manager.
[/var/www/projects/push_server/queue_worker.php:54] Push sent to queue 5249
[/var/www/projects/push_server/queue_manager.php:64] 3 worker threads activated by manager.
[/var/www/projects/push_server/queue_worker.php:54] Push sent to queue 5252
[/var/www/projects/push_server/queue_worker.php:54] Push sent to queue 5250
[/var/www/projects/push_server/queue_worker.php:54] Push sent to queue 5251
[/var/www/projects/push_server/queue_manager.php:64] 1 worker threads activated by manager.
[/var/www/projects/push_server/queue_worker.php:54] Push sent to queue 5253
[/var/www/projects/push_server/queue_manager.php:64] 1 worker threads activated by manager.
[/var/www/projects/push_server/queue_worker.php:54] Push sent to queue 5254
[/var/www/projects/push_server/queue_manager.php:64] 1 worker threads activated by manager.
[/var/www/projects/push_server/queue_worker.php:54] Push sent to queue 5255
[/var/www/projects/push_server/queue_manager.php:64] 1 worker threads activated by manager.
[/var/www/projects/push_server/queue_worker.php:54] Push sent to queue 5256
[/var/www/projects/push_server/queue_manager.php:64] 1 worker threads activated by manager.
[/var/www/projects/push_server/queue_worker.php:54] Push sent to queue 5257
[/var/www/projects/push_server/queue_manager.php:64] 1 worker threads activated by manager.
[/var/www/projects/push_server/queue_worker.php:54] Push sent to queue 5258
[/var/www/projects/push_server/queue_manager.php:64] 1 worker threads activated by manager.
[/var/www/projects/push_server/queue_worker.php:54] Push sent to queue 5259
[/var/www/projects/push_server/queue_manager.php:64] 1 worker threads activated by manager.
[/var/www/projects/push_server/queue_worker.php:54] Push sent to queue 5260
[/var/www/projects/push_server/queue_manager.php:64] 1 worker threads activated by manager.
[/var/www/projects/push_server/queue_worker.php:54] Push sent to queue 5261
[/var/www/projects/push_server/queue_manager.php:64] 1 worker threads activated by manager.
[/var/www/projects/push_server/queue_worker.php:54] Push sent to queue 5262
[/var/www/projects/push_server/queue_manager.php:64] 1 worker threads activated by manager.
[/var/www/projects/push_server/queue_worker.php:54] Push sent to queue 5263
[/var/www/projects/push_server/queue_manager.php:64] 1 worker threads activated by manager.
[/var/www/projects/push_server/queue_worker.php:54] Push sent to queue 5264
